<?xml version="1.0" encoding="UTF-8"?>
<!-- Generated by org.testng.reporters.JUnitReportReporter -->
<testsuite hostname="Bhavins-MacBook-Air.local" failures="0" tests="1" name="seleniumClass.AllTest" time="17.970" errors="0" timestamp="08 Feb. 2023 01:28:36 GMT" skipped="0">
  <testcase classname="seleniumClass.AllTest" name="amazonsearchbox" time="17.970"/>
</testsuite> <!-- seleniumClass.AllTest -->
