<?xml version="1.0" encoding="UTF-8"?>
<!-- Generated by org.testng.reporters.JUnitReportReporter -->
<testsuite hostname="Bhavins-MacBook-Air.local" failures="0" tests="1" name="Speer.gmailInbox" time="16.646" errors="0" timestamp="22 Feb. 2023 22:27:19 GMT" skipped="0">
  <testcase classname="Speer.gmailInbox" name="Wikipedia" time="16.646"/>
</testsuite> <!-- Speer.gmailInbox -->
